0 info it worked if it ends with ok
1 verbose cli [ 'F:\\nodejs\\node.exe',
1 verbose cli   'F:\\nodejs\\node_modules\\npm\\bin\\npm-cli.js',
1 verbose cli   'run',
1 verbose cli   'process' ]
2 info using npm@4.1.2
3 info using node@v7.7.3
4 verbose run-script [ 'preprocess', 'process', 'postprocess' ]
5 info lifecycle hjj_test_demo@1.0.0~preprocess: hjj_test_demo@1.0.0
6 silly lifecycle hjj_test_demo@1.0.0~preprocess: no script for preprocess, continuing
7 info lifecycle hjj_test_demo@1.0.0~process: hjj_test_demo@1.0.0
8 verbose lifecycle hjj_test_demo@1.0.0~process: unsafe-perm in lifecycle true
9 verbose lifecycle hjj_test_demo@1.0.0~process: PATH: F:\nodejs\node_modules\npm\bin\node-gyp-bin;C:\Users\hjj\Desktop\test\node_modules\.bin;C:\ProgramData\Oracle\Java\javapath;C:\Windows\system32;C:\Windows;C:\Windows\System32\Wbem;C:\Windows\System32\WindowsPowerShell\v1.0\;C:\Program Files (x86)\NVIDIA Corporation\PhysX\Common;F:\Git\cmd;C:\Program Files\MongoDB\Server\3.4\bin;C:\Program Files\Java\jdk1.8.0_91\bin;C:\Program Files\Java\jdk1.8.0_91\jre\bin;F:\software\nvm\nvmw;F:\sonar-scanner-2.6.1\sonar-scanner-2.6.1\bin;C:\Program Files (x86)\MySQL\MySQL Server 5.5\bin;F:\nodejs\;F:\Ruby23-x64\bin;C:\Program Files (x86)\Microsoft VS Code\bin;C:\Users\hjj\AppData\Local\atom\bin;node_modules\npm;C:\Users\hjj\AppData\Roaming\npm
10 verbose lifecycle hjj_test_demo@1.0.0~process: CWD: C:\Users\hjj\Desktop\test
11 silly lifecycle hjj_test_demo@1.0.0~process: Args: [ '/d /s /c',
11 silly lifecycle   'cross-env DEBUG=debug 427.35, 17.00, 82.65, 500.00 node ./node/process/demo01.js ' ]
12 silly lifecycle hjj_test_demo@1.0.0~process: Returned: code: 1  signal: null
13 info lifecycle hjj_test_demo@1.0.0~process: Failed to exec process script
14 verbose stack Error: hjj_test_demo@1.0.0 process: `cross-env DEBUG=debug 427.35, 17.00, 82.65, 500.00 node ./node/process/demo01.js `
14 verbose stack Exit status 1
14 verbose stack     at EventEmitter.<anonymous> (F:\nodejs\node_modules\npm\lib\utils\lifecycle.js:279:16)
14 verbose stack     at emitTwo (events.js:106:13)
14 verbose stack     at EventEmitter.emit (events.js:194:7)
14 verbose stack     at ChildProcess.<anonymous> (F:\nodejs\node_modules\npm\lib\utils\spawn.js:40:14)
14 verbose stack     at emitTwo (events.js:106:13)
14 verbose stack     at ChildProcess.emit (events.js:194:7)
14 verbose stack     at maybeClose (internal/child_process.js:899:16)
14 verbose stack     at Process.ChildProcess._handle.onexit (internal/child_process.js:226:5)
15 verbose pkgid hjj_test_demo@1.0.0
16 verbose cwd C:\Users\hjj\Desktop\test
17 error Windows_NT 6.1.7601
18 error argv "F:\\nodejs\\node.exe" "F:\\nodejs\\node_modules\\npm\\bin\\npm-cli.js" "run" "process"
19 error node v7.7.3
20 error npm  v4.1.2
21 error code ELIFECYCLE
22 error hjj_test_demo@1.0.0 process: `cross-env DEBUG=debug 427.35, 17.00, 82.65, 500.00 node ./node/process/demo01.js `
22 error Exit status 1
23 error Failed at the hjj_test_demo@1.0.0 process script 'cross-env DEBUG=debug 427.35, 17.00, 82.65, 500.00 node ./node/process/demo01.js '.
23 error Make sure you have the latest version of node.js and npm installed.
23 error If you do, this is most likely a problem with the hjj_test_demo package,
23 error not with npm itself.
23 error Tell the author that this fails on your system:
23 error     cross-env DEBUG=debug 427.35, 17.00, 82.65, 500.00 node ./node/process/demo01.js
23 error You can get information on how to open an issue for this project with:
23 error     npm bugs hjj_test_demo
23 error Or if that isn't available, you can get their info via:
23 error     npm owner ls hjj_test_demo
23 error There is likely additional logging output above.
24 verbose exit [ 1, true ]
