0 info it worked if it ends with ok
1 verbose cli [ '/Users/hanjianjie/.nvm/versions/node/v6.11.0/bin/node',
1 verbose cli   '/Users/hanjianjie/.nvm/versions/node/v6.11.0/bin/npm',
1 verbose cli   'run',
1 verbose cli   'print' ]
2 info using npm@3.10.10
3 info using node@v6.11.0
4 verbose run-script [ 'preprint', 'print', 'postprint' ]
5 info lifecycle hjj_test_demo@1.0.0~preprint: hjj_test_demo@1.0.0
6 silly lifecycle hjj_test_demo@1.0.0~preprint: no script for preprint, continuing
7 info lifecycle hjj_test_demo@1.0.0~print: hjj_test_demo@1.0.0
8 verbose lifecycle hjj_test_demo@1.0.0~print: unsafe-perm in lifecycle true
9 verbose lifecycle hjj_test_demo@1.0.0~print: PATH: /Users/hanjianjie/.nvm/versions/node/v6.11.0/lib/node_modules/npm/bin/node-gyp-bin:/Volumes/linuxWorkspace/github_project/test_demo/node_modules/.bin:/Users/hanjianjie/.nvm/versions/node/v6.11.0/bin:/usr/local/bin:/usr/bin:/bin:/usr/sbin:/sbin:/usr/local/mysql/bin:/usr/local/mysql/bin
10 verbose lifecycle hjj_test_demo@1.0.0~print: CWD: /Volumes/linuxWorkspace/github_project/test_demo
11 silly lifecycle hjj_test_demo@1.0.0~print: Args: [ '-c', '!node ./npm/demo01.js && node ./npm/demo02.js' ]
12 info lifecycle hjj_test_demo@1.0.0~print: Failed to exec print script
13 verbose stack Error: hjj_test_demo@1.0.0 print: `!node ./npm/demo01.js && node ./npm/demo02.js`
13 verbose stack spawn ENOENT
13 verbose stack     at ChildProcess.<anonymous> (/Users/hanjianjie/.nvm/versions/node/v6.11.0/lib/node_modules/npm/lib/utils/spawn.js:33:16)
13 verbose stack     at emitTwo (events.js:106:13)
13 verbose stack     at ChildProcess.emit (events.js:191:7)
13 verbose stack     at maybeClose (internal/child_process.js:891:16)
13 verbose stack     at Process.ChildProcess._handle.onexit (internal/child_process.js:226:5)
14 verbose pkgid hjj_test_demo@1.0.0
15 verbose cwd /Volumes/linuxWorkspace/github_project/test_demo/node-xlsx
16 error Darwin 15.6.0
17 error argv "/Users/hanjianjie/.nvm/versions/node/v6.11.0/bin/node" "/Users/hanjianjie/.nvm/versions/node/v6.11.0/bin/npm" "run" "print"
18 error node v6.11.0
19 error npm  v3.10.10
20 error file sh
21 error code ELIFECYCLE
22 error errno ENOENT
23 error syscall spawn
24 error hjj_test_demo@1.0.0 print: `!node ./npm/demo01.js && node ./npm/demo02.js`
24 error spawn ENOENT
25 error Failed at the hjj_test_demo@1.0.0 print script '!node ./npm/demo01.js && node ./npm/demo02.js'.
25 error Make sure you have the latest version of node.js and npm installed.
25 error If you do, this is most likely a problem with the hjj_test_demo package,
25 error not with npm itself.
25 error Tell the author that this fails on your system:
25 error     !node ./npm/demo01.js && node ./npm/demo02.js
25 error You can get information on how to open an issue for this project with:
25 error     npm bugs hjj_test_demo
25 error Or if that isn't available, you can get their info via:
25 error     npm owner ls hjj_test_demo
25 error There is likely additional logging output above.
26 verbose exit [ 1, true ]
